<?xml version="1.0" encoding="UTF-8"?>
<!-- Generated by org.testng.reporters.JUnitReportReporter -->
<testsuite skipped="0" hostname="IBM472-R90HR3JC" name="tests.LoginTests" tests="1" failures="0" timestamp="31 Jan 2018 18:41:01 GMT" time="6.777" errors="0">
  <testcase name="validLoginTest_ValidUserName_ValidPassword" time="6.777" classname="tests.LoginTests"/>
</testsuite> <!-- tests.LoginTests -->
