<?xml version="1.0" encoding="UTF-8"?>
<!-- Generated by org.testng.reporters.JUnitReportReporter -->
<testsuite hostname="LAPTOP-84SRGSJC" failures="0" tests="1" name="tests.LoginTests" time="3.837" errors="0" timestamp="22 Oct 2018 16:12:33 GMT" skipped="0">
  <testcase classname="tests.LoginTests" name="validLoginTest_ValidUserName_ValidPassword" time="3.837"/>
</testsuite> <!-- tests.LoginTests -->
