<?xml version="1.0" encoding="UTF-8"?>
<!-- Generated by org.testng.reporters.JUnitReportReporter -->
<testsuite hostname="LAPTOP-84SRGSJC" failures="0" tests="1" name="tests.LoginTests" time="5.006" errors="0" timestamp="23 Oct 2018 04:43:03 GMT" skipped="0">
  <testcase classname="tests.LoginTests" name="validLoginTest_ValidUserName_ValidPassword" time="5.006"/>
</testsuite> <!-- tests.LoginTests -->
